INFO - 2024-08-27 06:26:03 --> Session: Class initialized using 'CodeIgniter\Session\Handlers\FileHandler' driver.
INFO - 2024-08-27 06:27:21 --> Session: Class initialized using 'CodeIgniter\Session\Handlers\FileHandler' driver.
INFO - 2024-08-27 06:27:30 --> Session: Class initialized using 'CodeIgniter\Session\Handlers\FileHandler' driver.
INFO - 2024-08-27 06:28:24 --> CSRF token verified.
ERROR - 2024-08-27 06:28:24 --> mysqli_sql_exception: Unknown column 'slug' in 'where clause' in D:\ANIK SAHILAH\Semester 7\Magang\Coding\Jago Digital\2\JagoDigital\system\Database\MySQLi\Connection.php:295
Stack trace:
#0 D:\ANIK SAHILAH\Semester 7\Magang\Coding\Jago Digital\2\JagoDigital\system\Database\MySQLi\Connection.php(295): mysqli->query('SELECT 1\nFROM `...', 0)
#1 D:\ANIK SAHILAH\Semester 7\Magang\Coding\Jago Digital\2\JagoDigital\system\Database\BaseConnection.php(692): CodeIgniter\Database\MySQLi\Connection->execute('SELECT 1\nFROM `...')
#2 D:\ANIK SAHILAH\Semester 7\Magang\Coding\Jago Digital\2\JagoDigital\system\Database\BaseConnection.php(606): CodeIgniter\Database\BaseConnection->simpleQuery('SELECT 1\nFROM `...')
#3 D:\ANIK SAHILAH\Semester 7\Magang\Coding\Jago Digital\2\JagoDigital\system\Database\BaseBuilder.php(1616): CodeIgniter\Database\BaseConnection->query('SELECT 1\nFROM `...', Array, false)
#4 D:\ANIK SAHILAH\Semester 7\Magang\Coding\Jago Digital\2\JagoDigital\system\Validation\StrictRules\Rules.php(206): CodeIgniter\Database\BaseBuilder->get()
#5 D:\ANIK SAHILAH\Semester 7\Magang\Coding\Jago Digital\2\JagoDigital\system\Validation\Validation.php(278): CodeIgniter\Validation\StrictRules\Rules->is_unique('dsdscxcvcvcv', 'slug', Array, NULL, 'slug')
#6 D:\ANIK SAHILAH\Semester 7\Magang\Coding\Jago Digital\2\JagoDigital\system\Validation\Validation.php(182): CodeIgniter\Validation\Validation->processRules('slug', 'slug', 'dsdscxcvcvcv', Array, Array)
#7 D:\ANIK SAHILAH\Semester 7\Magang\Coding\Jago Digital\2\JagoDigital\system\Controller.php(140): CodeIgniter\Validation\Validation->run()
#8 D:\ANIK SAHILAH\Semester 7\Magang\Coding\Jago Digital\2\JagoDigital\app\Controllers\admin\ArtikelController.php(49): CodeIgniter\Controller->validate(Array)
#9 D:\ANIK SAHILAH\Semester 7\Magang\Coding\Jago Digital\2\JagoDigital\system\CodeIgniter.php(932): App\Controllers\Admin\ArtikelController->store()
#10 D:\ANIK SAHILAH\Semester 7\Magang\Coding\Jago Digital\2\JagoDigital\system\CodeIgniter.php(497): CodeIgniter\CodeIgniter->runController(Object(App\Controllers\Admin\ArtikelController))
#11 D:\ANIK SAHILAH\Semester 7\Magang\Coding\Jago Digital\2\JagoDigital\system\CodeIgniter.php(366): CodeIgniter\CodeIgniter->handleRequest(NULL, Object(Config\Cache), false)
#12 D:\ANIK SAHILAH\Semester 7\Magang\Coding\Jago Digital\2\JagoDigital\public\index.php(67): CodeIgniter\CodeIgniter->run()
#13 D:\ANIK SAHILAH\Semester 7\Magang\Coding\Jago Digital\2\JagoDigital\system\Commands\Server\rewrite.php(47): require_once('D:\\ANIK SAHILAH...')
#14 {main}
CRITICAL - 2024-08-27 06:28:24 --> Unknown column 'slug' in 'where clause'
in SYSTEMPATH\Database\MySQLi\Connection.php on line 295.
 1 SYSTEMPATH\Database\MySQLi\Connection.php(295): mysqli->query('SELECT 1
FROM `tb_artikel`
WHERE `slug` = \'dsdscxcvcvcv\'
 LIMIT 1', 0)
 2 SYSTEMPATH\Database\BaseConnection.php(692): CodeIgniter\Database\MySQLi\Connection->execute('SELECT 1
FROM `tb_artikel`
WHERE `slug` = \'dsdscxcvcvcv\'
 LIMIT 1')
 3 SYSTEMPATH\Database\BaseConnection.php(606): CodeIgniter\Database\BaseConnection->simpleQuery('SELECT 1
FROM `tb_artikel`
WHERE `slug` = \'dsdscxcvcvcv\'
 LIMIT 1')
 4 SYSTEMPATH\Database\BaseBuilder.php(1616): CodeIgniter\Database\BaseConnection->query('SELECT 1
FROM `tb_artikel`
WHERE `slug` = :slug:
 LIMIT 1', [...], false)
 5 SYSTEMPATH\Validation\StrictRules\Rules.php(206): CodeIgniter\Database\BaseBuilder->get()
 6 SYSTEMPATH\Validation\Validation.php(278): CodeIgniter\Validation\StrictRules\Rules->is_unique('dsdscxcvcvcv', 'slug', [...], null, 'slug')
 7 SYSTEMPATH\Validation\Validation.php(182): CodeIgniter\Validation\Validation->processRules('slug', 'slug', 'dsdscxcvcvcv', [...], [...])
 8 SYSTEMPATH\Controller.php(140): CodeIgniter\Validation\Validation->run()
 9 APPPATH\Controllers\admin\ArtikelController.php(49): CodeIgniter\Controller->validate([...])
10 SYSTEMPATH\CodeIgniter.php(932): App\Controllers\Admin\ArtikelController->store()
11 SYSTEMPATH\CodeIgniter.php(497): CodeIgniter\CodeIgniter->runController(Object(App\Controllers\Admin\ArtikelController))
12 SYSTEMPATH\CodeIgniter.php(366): CodeIgniter\CodeIgniter->handleRequest(null, Object(Config\Cache), false)
13 FCPATH\index.php(67): CodeIgniter\CodeIgniter->run()
14 SYSTEMPATH\Commands\Server\rewrite.php(47): require_once('D:\\ANIK SAHILAH\\Semester 7\\Magang\\Coding\\Jago Digital\\2\\JagoDigital\\public\\index.php')
ERROR - 2024-08-27 06:29:54 --> mysqli_sql_exception: Table 'tb_member' already exists in D:\ANIK SAHILAH\Semester 7\Magang\Coding\Jago Digital\2\JagoDigital\system\Database\MySQLi\Connection.php:295
Stack trace:
#0 D:\ANIK SAHILAH\Semester 7\Magang\Coding\Jago Digital\2\JagoDigital\system\Database\MySQLi\Connection.php(295): mysqli->query('CREATE TABLE `t...', 0)
#1 D:\ANIK SAHILAH\Semester 7\Magang\Coding\Jago Digital\2\JagoDigital\system\Database\BaseConnection.php(692): CodeIgniter\Database\MySQLi\Connection->execute('CREATE TABLE `t...')
#2 D:\ANIK SAHILAH\Semester 7\Magang\Coding\Jago Digital\2\JagoDigital\system\Database\BaseConnection.php(606): CodeIgniter\Database\BaseConnection->simpleQuery('CREATE TABLE `t...')
#3 D:\ANIK SAHILAH\Semester 7\Magang\Coding\Jago Digital\2\JagoDigital\system\Database\Forge.php(546): CodeIgniter\Database\BaseConnection->query('CREATE TABLE `t...')
#4 D:\ANIK SAHILAH\Semester 7\Magang\Coding\Jago Digital\2\JagoDigital\app\Database\Migrations\2024-08-24-024049_TbMember.php(109): CodeIgniter\Database\Forge->createTable('tb_member')
#5 D:\ANIK SAHILAH\Semester 7\Magang\Coding\Jago Digital\2\JagoDigital\system\Database\MigrationRunner.php(877): App\Database\Migrations\CreateTbMemberTable->up()
#6 D:\ANIK SAHILAH\Semester 7\Magang\Coding\Jago Digital\2\JagoDigital\system\Database\MigrationRunner.php(188): CodeIgniter\Database\MigrationRunner->migrate('up', Object(stdClass))
#7 D:\ANIK SAHILAH\Semester 7\Magang\Coding\Jago Digital\2\JagoDigital\system\Commands\Database\Migrate.php(84): CodeIgniter\Database\MigrationRunner->latest(NULL)
#8 D:\ANIK SAHILAH\Semester 7\Magang\Coding\Jago Digital\2\JagoDigital\system\CLI\Commands.php(65): CodeIgniter\Commands\Database\Migrate->run(Array)
#9 D:\ANIK SAHILAH\Semester 7\Magang\Coding\Jago Digital\2\JagoDigital\system\CLI\Console.php(37): CodeIgniter\CLI\Commands->run('migrate', Array)
#10 D:\ANIK SAHILAH\Semester 7\Magang\Coding\Jago Digital\2\JagoDigital\spark(97): CodeIgniter\CLI\Console->run()
#11 {main}
ERROR - 2024-08-27 06:30:25 --> mysqli_sql_exception: Table 'tb_member' already exists in D:\ANIK SAHILAH\Semester 7\Magang\Coding\Jago Digital\2\JagoDigital\system\Database\MySQLi\Connection.php:295
Stack trace:
#0 D:\ANIK SAHILAH\Semester 7\Magang\Coding\Jago Digital\2\JagoDigital\system\Database\MySQLi\Connection.php(295): mysqli->query('CREATE TABLE `t...', 0)
#1 D:\ANIK SAHILAH\Semester 7\Magang\Coding\Jago Digital\2\JagoDigital\system\Database\BaseConnection.php(692): CodeIgniter\Database\MySQLi\Connection->execute('CREATE TABLE `t...')
#2 D:\ANIK SAHILAH\Semester 7\Magang\Coding\Jago Digital\2\JagoDigital\system\Database\BaseConnection.php(606): CodeIgniter\Database\BaseConnection->simpleQuery('CREATE TABLE `t...')
#3 D:\ANIK SAHILAH\Semester 7\Magang\Coding\Jago Digital\2\JagoDigital\system\Database\Forge.php(546): CodeIgniter\Database\BaseConnection->query('CREATE TABLE `t...')
#4 D:\ANIK SAHILAH\Semester 7\Magang\Coding\Jago Digital\2\JagoDigital\app\Database\Migrations\2024-08-24-024049_TbMember.php(109): CodeIgniter\Database\Forge->createTable('tb_member')
#5 D:\ANIK SAHILAH\Semester 7\Magang\Coding\Jago Digital\2\JagoDigital\system\Database\MigrationRunner.php(877): App\Database\Migrations\CreateTbMemberTable->up()
#6 D:\ANIK SAHILAH\Semester 7\Magang\Coding\Jago Digital\2\JagoDigital\system\Database\MigrationRunner.php(188): CodeIgniter\Database\MigrationRunner->migrate('up', Object(stdClass))
#7 D:\ANIK SAHILAH\Semester 7\Magang\Coding\Jago Digital\2\JagoDigital\system\Commands\Database\Migrate.php(84): CodeIgniter\Database\MigrationRunner->latest(NULL)
#8 D:\ANIK SAHILAH\Semester 7\Magang\Coding\Jago Digital\2\JagoDigital\system\CLI\Commands.php(65): CodeIgniter\Commands\Database\Migrate->run(Array)
#9 D:\ANIK SAHILAH\Semester 7\Magang\Coding\Jago Digital\2\JagoDigital\system\CLI\Console.php(37): CodeIgniter\CLI\Commands->run('migrate', Array)
#10 D:\ANIK SAHILAH\Semester 7\Magang\Coding\Jago Digital\2\JagoDigital\spark(97): CodeIgniter\CLI\Console->run()
#11 {main}
ERROR - 2024-08-27 06:31:21 --> mysqli_sql_exception: Table 'tb_member' already exists in D:\ANIK SAHILAH\Semester 7\Magang\Coding\Jago Digital\2\JagoDigital\system\Database\MySQLi\Connection.php:295
Stack trace:
#0 D:\ANIK SAHILAH\Semester 7\Magang\Coding\Jago Digital\2\JagoDigital\system\Database\MySQLi\Connection.php(295): mysqli->query('CREATE TABLE `t...', 0)
#1 D:\ANIK SAHILAH\Semester 7\Magang\Coding\Jago Digital\2\JagoDigital\system\Database\BaseConnection.php(692): CodeIgniter\Database\MySQLi\Connection->execute('CREATE TABLE `t...')
#2 D:\ANIK SAHILAH\Semester 7\Magang\Coding\Jago Digital\2\JagoDigital\system\Database\BaseConnection.php(606): CodeIgniter\Database\BaseConnection->simpleQuery('CREATE TABLE `t...')
#3 D:\ANIK SAHILAH\Semester 7\Magang\Coding\Jago Digital\2\JagoDigital\system\Database\Forge.php(546): CodeIgniter\Database\BaseConnection->query('CREATE TABLE `t...')
#4 D:\ANIK SAHILAH\Semester 7\Magang\Coding\Jago Digital\2\JagoDigital\app\Database\Migrations\2024-08-24-024049_TbMember.php(109): CodeIgniter\Database\Forge->createTable('tb_member')
#5 D:\ANIK SAHILAH\Semester 7\Magang\Coding\Jago Digital\2\JagoDigital\system\Database\MigrationRunner.php(877): App\Database\Migrations\CreateTbMemberTable->up()
#6 D:\ANIK SAHILAH\Semester 7\Magang\Coding\Jago Digital\2\JagoDigital\system\Database\MigrationRunner.php(188): CodeIgniter\Database\MigrationRunner->migrate('up', Object(stdClass))
#7 D:\ANIK SAHILAH\Semester 7\Magang\Coding\Jago Digital\2\JagoDigital\system\Commands\Database\Migrate.php(84): CodeIgniter\Database\MigrationRunner->latest(NULL)
#8 D:\ANIK SAHILAH\Semester 7\Magang\Coding\Jago Digital\2\JagoDigital\system\CLI\Commands.php(65): CodeIgniter\Commands\Database\Migrate->run(Array)
#9 D:\ANIK SAHILAH\Semester 7\Magang\Coding\Jago Digital\2\JagoDigital\system\CLI\BaseCommand.php(114): CodeIgniter\CLI\Commands->run('migrate', Array)
#10 D:\ANIK SAHILAH\Semester 7\Magang\Coding\Jago Digital\2\JagoDigital\system\Commands\Database\MigrateRefresh.php(85): CodeIgniter\CLI\BaseCommand->call('migrate', Array)
#11 D:\ANIK SAHILAH\Semester 7\Magang\Coding\Jago Digital\2\JagoDigital\system\CLI\Commands.php(65): CodeIgniter\Commands\Database\MigrateRefresh->run(Array)
#12 D:\ANIK SAHILAH\Semester 7\Magang\Coding\Jago Digital\2\JagoDigital\system\CLI\Console.php(37): CodeIgniter\CLI\Commands->run('migrate:refresh', Array)
#13 D:\ANIK SAHILAH\Semester 7\Magang\Coding\Jago Digital\2\JagoDigital\spark(97): CodeIgniter\CLI\Console->run()
#14 {main}
ERROR - 2024-08-27 06:32:05 --> Error connecting to the database: mysqli_sql_exception: Unknown database 'jagodm' in D:\ANIK SAHILAH\Semester 7\Magang\Coding\Jago Digital\2\JagoDigital\system\Database\MySQLi\Connection.php:174
Stack trace:
#0 D:\ANIK SAHILAH\Semester 7\Magang\Coding\Jago Digital\2\JagoDigital\system\Database\MySQLi\Connection.php(174): mysqli->real_connect('localhost', 'root', '', 'jagodm', 3306, '', 0)
#1 D:\ANIK SAHILAH\Semester 7\Magang\Coding\Jago Digital\2\JagoDigital\system\Database\BaseConnection.php(391): CodeIgniter\Database\MySQLi\Connection->connect(false)
#2 D:\ANIK SAHILAH\Semester 7\Magang\Coding\Jago Digital\2\JagoDigital\system\Database\BaseConnection.php(574): CodeIgniter\Database\BaseConnection->initialize()
#3 D:\ANIK SAHILAH\Semester 7\Magang\Coding\Jago Digital\2\JagoDigital\system\Database\BaseConnection.php(1409): CodeIgniter\Database\BaseConnection->query('SHOW TABLES FRO...')
#4 D:\ANIK SAHILAH\Semester 7\Magang\Coding\Jago Digital\2\JagoDigital\system\Database\BaseConnection.php(1428): CodeIgniter\Database\BaseConnection->listTables()
#5 D:\ANIK SAHILAH\Semester 7\Magang\Coding\Jago Digital\2\JagoDigital\system\Database\MigrationRunner.php(768): CodeIgniter\Database\BaseConnection->tableExists('migrations')
#6 D:\ANIK SAHILAH\Semester 7\Magang\Coding\Jago Digital\2\JagoDigital\system\Database\MigrationRunner.php(168): CodeIgniter\Database\MigrationRunner->ensureTable()
#7 D:\ANIK SAHILAH\Semester 7\Magang\Coding\Jago Digital\2\JagoDigital\system\Commands\Database\Migrate.php(84): CodeIgniter\Database\MigrationRunner->latest(NULL)
#8 D:\ANIK SAHILAH\Semester 7\Magang\Coding\Jago Digital\2\JagoDigital\system\CLI\Commands.php(65): CodeIgniter\Commands\Database\Migrate->run(Array)
#9 D:\ANIK SAHILAH\Semester 7\Magang\Coding\Jago Digital\2\JagoDigital\system\CLI\Console.php(37): CodeIgniter\CLI\Commands->run('migrate', Array)
#10 D:\ANIK SAHILAH\Semester 7\Magang\Coding\Jago Digital\2\JagoDigital\spark(97): CodeIgniter\CLI\Console->run()
#11 {main}

Next CodeIgniter\Database\Exceptions\DatabaseException: Unknown database 'jagodm' in D:\ANIK SAHILAH\Semester 7\Magang\Coding\Jago Digital\2\JagoDigital\system\Database\MySQLi\Connection.php:218
Stack trace:
#0 D:\ANIK SAHILAH\Semester 7\Magang\Coding\Jago Digital\2\JagoDigital\system\Database\BaseConnection.php(391): CodeIgniter\Database\MySQLi\Connection->connect(false)
#1 D:\ANIK SAHILAH\Semester 7\Magang\Coding\Jago Digital\2\JagoDigital\system\Database\BaseConnection.php(574): CodeIgniter\Database\BaseConnection->initialize()
#2 D:\ANIK SAHILAH\Semester 7\Magang\Coding\Jago Digital\2\JagoDigital\system\Database\BaseConnection.php(1409): CodeIgniter\Database\BaseConnection->query('SHOW TABLES FRO...')
#3 D:\ANIK SAHILAH\Semester 7\Magang\Coding\Jago Digital\2\JagoDigital\system\Database\BaseConnection.php(1428): CodeIgniter\Database\BaseConnection->listTables()
#4 D:\ANIK SAHILAH\Semester 7\Magang\Coding\Jago Digital\2\JagoDigital\system\Database\MigrationRunner.php(768): CodeIgniter\Database\BaseConnection->tableExists('migrations')
#5 D:\ANIK SAHILAH\Semester 7\Magang\Coding\Jago Digital\2\JagoDigital\system\Database\MigrationRunner.php(168): CodeIgniter\Database\MigrationRunner->ensureTable()
#6 D:\ANIK SAHILAH\Semester 7\Magang\Coding\Jago Digital\2\JagoDigital\system\Commands\Database\Migrate.php(84): CodeIgniter\Database\MigrationRunner->latest(NULL)
#7 D:\ANIK SAHILAH\Semester 7\Magang\Coding\Jago Digital\2\JagoDigital\system\CLI\Commands.php(65): CodeIgniter\Commands\Database\Migrate->run(Array)
#8 D:\ANIK SAHILAH\Semester 7\Magang\Coding\Jago Digital\2\JagoDigital\system\CLI\Console.php(37): CodeIgniter\CLI\Commands->run('migrate', Array)
#9 D:\ANIK SAHILAH\Semester 7\Magang\Coding\Jago Digital\2\JagoDigital\spark(97): CodeIgniter\CLI\Console->run()
#10 {main}
INFO - 2024-08-27 06:32:56 --> CSRF token verified.
INFO - 2024-08-27 06:32:57 --> Session: Class initialized using 'CodeIgniter\Session\Handlers\FileHandler' driver.
INFO - 2024-08-27 06:33:06 --> Session: Class initialized using 'CodeIgniter\Session\Handlers\FileHandler' driver.
INFO - 2024-08-27 06:33:28 --> CSRF token verified.
INFO - 2024-08-27 06:33:28 --> Session: Class initialized using 'CodeIgniter\Session\Handlers\FileHandler' driver.
INFO - 2024-08-27 06:34:04 --> Session: Class initialized using 'CodeIgniter\Session\Handlers\FileHandler' driver.
INFO - 2024-08-27 06:34:10 --> CSRF token verified.
CRITICAL - 2024-08-27 06:34:10 --> The original file is not a valid file.
in SYSTEMPATH\HTTP\Files\UploadedFile.php on line 137.
 1 SYSTEMPATH\HTTP\Files\UploadedFile.php(137): CodeIgniter\HTTP\Exceptions\HTTPException::forInvalidFile()
 2 APPPATH\Controllers\admin\ArtikelController.php(116): CodeIgniter\HTTP\Files\UploadedFile->move('uploads/upload_artikel/', '1724740450_1f2463b3a9f903d7a221')
 3 SYSTEMPATH\CodeIgniter.php(932): App\Controllers\Admin\ArtikelController->update('1')
 4 SYSTEMPATH\CodeIgniter.php(497): CodeIgniter\CodeIgniter->runController(Object(App\Controllers\Admin\ArtikelController))
 5 SYSTEMPATH\CodeIgniter.php(366): CodeIgniter\CodeIgniter->handleRequest(null, Object(Config\Cache), false)
 6 FCPATH\index.php(67): CodeIgniter\CodeIgniter->run()
 7 SYSTEMPATH\Commands\Server\rewrite.php(47): require_once('D:\\ANIK SAHILAH\\Semester 7\\Magang\\Coding\\Jago Digital\\2\\JagoDigital\\public\\index.php')
INFO - 2024-08-27 06:35:41 --> CSRF token verified.
INFO - 2024-08-27 06:35:42 --> Session: Class initialized using 'CodeIgniter\Session\Handlers\FileHandler' driver.
INFO - 2024-08-27 06:35:46 --> Session: Class initialized using 'CodeIgniter\Session\Handlers\FileHandler' driver.
INFO - 2024-08-27 06:35:52 --> CSRF token verified.
INFO - 2024-08-27 06:35:52 --> Session: Class initialized using 'CodeIgniter\Session\Handlers\FileHandler' driver.
INFO - 2024-08-27 06:35:55 --> Session: Class initialized using 'CodeIgniter\Session\Handlers\FileHandler' driver.
INFO - 2024-08-27 06:36:19 --> CSRF token verified.
INFO - 2024-08-27 06:36:19 --> Session: Class initialized using 'CodeIgniter\Session\Handlers\FileHandler' driver.
INFO - 2024-08-27 06:49:03 --> Session: Class initialized using 'CodeIgniter\Session\Handlers\FileHandler' driver.
INFO - 2024-08-27 06:49:08 --> CSRF token verified.
INFO - 2024-08-27 06:49:09 --> Session: Class initialized using 'CodeIgniter\Session\Handlers\FileHandler' driver.
INFO - 2024-08-27 08:26:52 --> Session: Class initialized using 'CodeIgniter\Session\Handlers\FileHandler' driver.
INFO - 2024-08-27 08:27:00 --> CSRF token verified.
INFO - 2024-08-27 08:27:00 --> Session: Class initialized using 'CodeIgniter\Session\Handlers\FileHandler' driver.
